Arguments: 
  C:\Program Files\nodejs\node.exe C:\Users\Sam\AppData\Roaming\npm\node_modules\yarn\bin\yarn.js init

PATH: 
  C:\Program Files\Common Files\Oracle\Java\javapath;C:\Python27\;C:\Python27\Scripts;C:\Windows\system32;C:\Windows;C:\Windows\System32\Wbem;C:\Windows\System32\WindowsPowerShell\v1.0\;C:\Windows\System32\OpenSSH\;C:\Program Files\Git\cmd;C:\ProgramData\chocolatey\bin;C:\Program Files (x86)\ATI Technologies\ATI.ACE\Core-Static;C:\Program Files\dotnet\;C:\Program Files\nodejs\;C:\Program Files\OpenJDK\openjdk-8u262-b10\bin;C:\xampp\php;C:\ProgramData\ComposerSetup\bin;C:\Go\bin;C:\Users\Sam\AppData\Local\Microsoft\WindowsApps;C:\Users\Sam\AppData\Local\Programs\Microsoft VS Code\bin;C:\Users\Sam\AppData\Local\GitHubDesktop\bin;C:\Program Files\Java\jdk-15\bin;C:\Users\Sam\AppData\Roaming\npm;C:\Users\Sam\AppData\Local\Android\Sdk\platform-tools;C:\Program Files\heroku\bin;C:\Users\Sam\AppData\Roaming\Composer\vendor\bin;C:\Users\Sam\go\bin

Yarn version: 
  1.22.10

Node version: 
  12.18.3

Platform: 
  win32 x64

Trace: 
  Error: canceled
      at Interface.<anonymous> (C:\Users\Sam\AppData\Roaming\npm\node_modules\yarn\lib\cli.js:136216:13)
      at Interface.emit (events.js:315:20)
      at Interface._ttyWrite (readline.js:868:16)
      at ReadStream.onkeypress (readline.js:205:10)
      at ReadStream.emit (events.js:315:20)
      at emitKeys (internal/readline/utils.js:335:14)
      at emitKeys.next (<anonymous>)
      at ReadStream.onData (readline.js:1137:36)
      at ReadStream.emit (events.js:315:20)
      at addChunk (_stream_readable.js:295:12)

npm manifest: 
  {
    "name": "openkb",
    "version": "1.0.23",
    "description": "openKB is an Open Source Nodejs Markdown based knowledge base/FAQ/Wiki app with powerful lunr search",
    "private": false,
    "scripts": {
      "start": "node app.js",
      "dbUpgrade": "node data/mongodbUpgrade.js",
      "snyk-protect": "snyk protect",
      "prepublish": "npm run snyk-protect",
      "uglify": "node bin/uglify.js",
      "lint": "eslint ./"
    },
    "engines": {
      "node": ">=8.0.0 <13.0.0"
    },
    "dependencies": {
      "async": "^2.6.3",
      "bcrypt": "^3.0.7",
      "body-parser": "^1.19.0",
      "bootstrap": "^3.4.1",
      "compression": "^1.7.4",
      "cookie-parser": "1.4.4",
      "debug": "^2.6.7",
      "express": "^4.17.1",
      "express-handlebars": "^3.1.0",
      "express-session": "^1.17.0",
      "express-state": "^1.4.0",
      "extract-zip": "^1.6.7",
      "font-awesome": "^4.6.3",
      "glob": "^5.0.14",
      "hbs": "^4.1.0",
      "i18n-2": "^0.6.3",
      "jquery": "^3.4.1",
      "jsonschema": "^1.2.5",
      "jszip": "^2.6.1",
      "junk": "^2.0.0",
      "lodash": "^4.17.15",
      "lunr": "^0.7.2",
      "markdown-it": "^7.0.1",
      "mime-types": "^2.1.26",
      "mkdirp": "^0.5.1",
      "moment": "^2.24.0",
      "mongodb": "^3.5.2",
      "morgan": "^1.9.1",
      "multer": "^1.4.2",
      "nedb": "^1.8.0",
      "nedb-session-store": "^1.1.2",
      "remove-markdown": "^0.1.0",
      "require-main-filename": "^1.0.1",
      "rimraf": "^2.7.1",
      "sanitize-html": "^1.21.1",
      "simplemde": "^1.11.2",
      "sitemap": "^1.8.1",
      "snyk": "^1.280.0",
      "speakingurl": "^10.0.0",
      "uglify-js": "^3.7.6",
      "uglifycss": "0.0.27",
      "walk": "^2.3.14"
    },
    "main": "app.js",
    "devDependencies": {
      "eslint": "^6.8.0",
      "eslint-config-standard": "^13.0.1",
      "eslint-plugin-extra-rules": "0.0.0-development",
      "eslint-plugin-import": "^2.18.2",
      "eslint-plugin-node": "^9.2.0",
      "eslint-plugin-promise": "^4.2.1",
      "eslint-plugin-standard": "^4.0.1"
    },
    "repository": {
      "type": "git",
      "url": "git+https://github.com/mrvautin/openKB.git"
    },
    "keywords": [
      "knowledge base",
      "markdown",
      "express",
      "nedb",
      "documentation",
      "platform",
      "nodejs",
      "kb",
      "documentation",
      "faq",
      "wiki",
      "openkb",
      "mongodb"
    ],
    "author": "Mark Moffat",
    "license": "MIT",
    "bugs": {
      "url": "https://github.com/mrvautin/openKB/issues"
    },
    "homepage": "https://openkb.markmoffat.com",
    "snyk": true
  }

yarn manifest: 
  No manifest

Lockfile: 
  No lockfile
